app/build/outputs/mapping/release/seeds.txt
androidx.appcompat.widget.SearchView: androidx.cursoradapter.widget.CursorAdapter getSuggestionsAdapter()
android.support.wearable.complications.ComplicationData: boolean hasShortText()
androidx.core.widget.TextViewCompat$Api23Impl: void setCompoundDrawableTintList(android.widget.TextView,android.content.res.ColorStateList)
androidx.fragment.app.Fragment: java.lang.Object getReturnTransition()
android.support.wearable.complications.ComplicationText: java.lang.CharSequence getTextAt(android.content.res.Resources,long)
androidx.wear.ambient.WearableControllerProvider$1: void onInvalidateAmbientOffload()
androidx.fragment.app.Fragment: void onStart()
android.support.wearable.complications.TimeDifferenceText: java.lang.Object writeReplace()
androidx.core.view.ViewCompat$Api16Impl: int getMinimumWidth(android.view.View)
android.support.wearable.complications.ComplicationData: java.util.List getTimelineEntries()
android.support.wearable.complications.ComplicationText: boolean returnsSameText(long,long)
androidx.appcompat.widget.LinearLayoutCompat: int getShowDividers()
androidx.wear.watchface.data.ComplicationStateWireFormat: ComplicationStateWireFormat()
androidx.wear.watchface.editor.data.EditorStateWireFormatParcelizer: androidx.wear.watchface.editor.data.EditorStateWireFormat read(androidx.versionedparcelable.VersionedParcel)
android.support.wearable.complications.TimeFormatText: java.lang.String toString()
androidx.wear.watchface.control.data.ComplicationRenderParamsParcelizer: androidx.wear.watchface.control.data.ComplicationRenderParams read(androidx.versionedparcelable.VersionedParcel)
android.support.wearable.complications.ComplicationData: void getSmallImageStyle$annotations()
androidx.activity.ComponentActivity: void setContentView(android.view.View)
androidx.wear.watchface.data.LayerParameterWireFormat: LayerParameterWireFormat()
androidx.appcompat.widget.AppCompatTextView: void setBackgroundResource(int)
androidx.fragment.app.Fragment: void onCreateContextMenu(android.view.ContextMenu,android.view.View,android.view.ContextMenu$ContextMenuInfo)
androidx.core.widget.NestedScrollView: float getVerticalScrollFactorCompat()
androidx.wear.watchface.style.data.LongRangeUserStyleSettingWireFormatParcelizer: void write(androidx.wear.watchface.style.data.LongRangeUserStyleSettingWireFormat,androidx.versionedparcelable.VersionedParcel)
androidx.wear.watchface.control.data.WatchFaceRenderParamsParcelizer: void write(androidx.wear.watchface.control.data.WatchFaceRenderParams,androidx.versionedparcelable.VersionedParcel)
androidx.appcompat.widget.SearchView: int getMaxWidth()
androidx.core.view.MenuItemCompat$Api26Impl: android.view.MenuItem setTooltipText(android.view.MenuItem,java.lang.CharSequence)
androidx.appcompat.widget.AppCompatTextView: android.content.res.ColorStateList getSupportCompoundDrawablesTintList()
androidx.preference.MultiSelectListPreference: MultiSelectListPreference(android.content.Context,android.util.AttributeSet)
androidx.fragment.app.Fragment: boolean getAllowReturnTransitionOverlap()
androidx.core.view.ViewCompat$Api17Impl: void setLabelFor(android.view.View,int)
android.support.wearable.complications.ComplicationData: android.graphics.drawable.Icon getLargeImage()
androidx.core.view.ViewGroupCompat$Api21Impl: void setTransitionGroup(android.view.ViewGroup,boolean)
kotlinx.coroutines.android.AndroidExceptionPreHandler: AndroidExceptionPreHandler()
androidx.lifecycle.SavedStateHandlesVM: SavedStateHandlesVM()
android.support.wearable.complications.ComplicationData: android.support.wearable.complications.ComplicationText getLongTitle()
android.support.wearable.complications.ComplicationTextTemplate: void writeToParcel(android.os.Parcel,int)
androidx.core.view.WindowInsetsCompat$BuilderImpl: void setTappableElementInsets(androidx.core.graphics.Insets)
android.support.wearable.complications.ComplicationTextTemplate: ComplicationTextTemplate(android.os.Bundle)