app/build/outputs/mapping/release/usage.txt
com.prayertime.watchface.R$drawable
com.prayertime.watchface.R$raw
com.prayertime.watchface.R$string
com.prayertime.watchface.R$xml
com.prayertime.watchface.R
...
androidx.wear.protolayout.expression.proto.AnimationParameterProto$CubicBezierEasing$Builder:
    public static androidx.wear.protolayout.expression.proto.AnimationParameterProto$CubicBezierEasing$Builder setX1()
    public static androidx.wear.protolayout.expression.proto.AnimationParameterProto$CubicBezierEasing$Builder setX2()
    public static androidx.wear.protolayout.expression.proto.AnimationParameterProto$CubicBezierEasing$Builder setY1()
    public static androidx.wear.protolayout.expression.proto.AnimationParameterProto$CubicBezierEasing$Builder setY2()
androidx.wear.protolayout.expression.proto.AnimationParameterProto$CubicBezierEasing:
    public static void access$3200(androidx.wear.protolayout.expression.proto.AnimationParameterProto$CubicBezierEasing,float)
    public static void access$3400(androidx.wear.protolayout.expression.proto.AnimationParameterProto$CubicBezierEasing)
    public static void access$3600(androidx.wear.protolayout.expression.proto.AnimationParameterProto$CubicBezierEasing,float)
    public static void access$3800(androidx.wear.protolayout.expression.proto.AnimationParameterProto$CubicBezierEasing)
    public static androidx.wear.protolayout.expression.proto.AnimationParameterProto$CubicBezierEasing$Builder newBuilder()
androidx.wear.protolayout.expression.proto.AnimationParameterProto$RepeatMode$1
androidx.wear.protolayout.expression.proto.AnimationParameterProto$RepeatMode:
    public static final androidx.wear.protolayout.protobuf.Internal$EnumLiteMap internalValueMap
androidx.wear.protolayout.expression.proto.AnimationParameterProto$Repeatable$Builder:
    public static androidx.wear.protolayout.expression.proto.AnimationParameterProto$Repeatable$Builder setRepeatMode()
androidx.wear.protolayout.expression.proto.DynamicProto$1
androidx.wear.protolayout.expression.proto.DynamicProto$ArithmeticOpType$1
androidx.wear.protolayout.expression.proto.DynamicProto$ArithmeticOpType:
    public static final androidx.wear.protolayout.protobuf.Internal$EnumLiteMap internalValueMap
androidx.wear.protolayout.expression.proto.DynamicProto$ComparisonOpType$1
androidx.wear.protolayout.expression.proto.DynamicProto$ComparisonOpType:
    public static final androidx.wear.protolayout.protobuf.Internal$EnumLiteMap internalValueMap
androidx.wear.protolayout.expression.proto.DynamicProto$DurationPartType$1
androidx.wear.protolayout.expression.proto.DynamicProto$DurationPartType:
    public static final androidx.wear.protolayout.protobuf.Internal$EnumLiteMap internalValueMap
    public final int getNumber()
androidx.wear.protolayout.expression.proto.DynamicProto$DynamicFloat$Builder:
    public static androidx.wear.protolayout.expression.proto.DynamicProto$DynamicFloat$Builder setAnimatableDynamic()
    public static androidx.wear.protolayout.expression.proto.DynamicProto$DynamicFloat$Builder setAnimatableFixed()
    public static androidx.wear.protolayout.expression.proto.DynamicProto$DynamicFloat$Builder setArithmeticOperation()
    public static androidx.wear.protolayout.expression.proto.DynamicProto$DynamicFloat$Builder setConditionalOp()
    public static androidx.wear.protolayout.expression.proto.DynamicProto$DynamicFloat$Builder setFixed()
    public static androidx.wear.protolayout.expression.proto.DynamicProto$DynamicFloat$Builder setInt32ToFloatOperation()
    public static androidx.wear.protolayout.expression.proto.DynamicProto$DynamicFloat$Builder setStateSource()